<?xml version="1.0" encoding="UTF-8" ?>
<testsuite errors="0" failures="0" hostname="Daniel-HP" name="model.test.UserTest" skipped="0" tests="8" time="0.011" timestamp="2014-01-14T16:00:08">
  <properties>
[...]
</properties>
  <testcase classname="model.test.UserTest" name="testGetTcpPort" time="0.0" />
  <testcase classname="model.test.UserTest" name="testGetAdresse" time="0.0" />
  <testcase classname="model.test.UserTest" name="testGetName" time="0.001" />
  <testcase classname="model.test.UserTest" name="testGetUdpPort" time="0.0" />
  <testcase classname="model.test.UserTest" name="testEqualsObject" time="0.0" />
  <testcase classname="model.test.UserTest" name="testIsActive" time="0.0" />
  <testcase classname="model.test.UserTest" name="testSetActive" time="0.001" />
  <testcase classname="model.test.UserTest" name="testGetMessages" time="0.0" />
  <system-out><![CDATA[]]></system-out>
  <system-err><![CDATA[]]></system-err>
</testsuite>
